


ARM Macro Assembler    Page 1 


    1 00000000                 AREA             project, CODE, READONLY
    2 00000000                 ENTRY
    3 00000000         
    4 00000000 000000FF 
                       value   EQU              255         ;pixel value used t
                                                            o compare with curr
                                                            ent value
    5 00000000 00000040 
                       N       EQU              64          ;counter of total p
                                                            ixels in picture
    6 00000000         
    7 00000000 E3A00000        MOV              R0, #0      ;i=0
    8 00000004 E3A010FF        MOV              R1, #value  ;R1=255
    9 00000008         
   10 00000008         
   11 00000008         loop                                 ;for loop (i=0,, i<
                                                            N, i++)
   12 00000008 E59F409C        LDR              R4, =LINE1  ;address of array
   13 0000000C E5D45000        LDRB             R5, [R4]    ;R4=[N]
   14 00000010 E3A06040        MOV              R6, #N      ;N=64 (counter for 
                                                            loop)
   15 00000014 E3A03000        MOV              R3, #0      ;j=0
   16 00000018 E1500001        CMP              R0, R1      ;check if i<value
   17 0000001C E3A02000        MOV              R2, #0      ;value counter
   18 00000020 BA000001        BLT              done        ;continue loop unti
                                                            l condition satisfi
                                                            ed and loops out
   19 00000024 E2800001        ADD              R0, R0, #1  ;i++
   20 00000028 AA00000E        BGE              stop        ;branch to second f
                                                            or loop if true (i>
                                                            =N)
   21 0000002C         
   22 0000002C         
   23 0000002C         done                                 ;for loop (j=0, j<v
                                                            alue, j++)
   24 0000002C E1530001        CMP              R3, R1      ; checks if j<value
                                                            
   25 00000030 E3560000        CMP              R6, #0      ;checks if counter 
                                                            is equal to 0
   26 00000034 02800001        ADDEQ            R0,R0,#1    ;i++ if j>value
   27 00000038 0AFFFFF2        BEQ              loop        ;branch to first lo
                                                            op if greater than
   28 0000003C EAFFFFFF        B                statement   ;continues loop unt
                                                            il condition satisf
                                                            ied and loops out
   29 00000040         
   30 00000040         
   31 00000040         statement                            ;if statement
   32 00000040 E2466001        SUB              R6, R6, #1  ;counter--
   33 00000044 E1550000        CMP              R5, R0      ;if statement (arra
                                                            y[j] == i)
   34 00000048 0A000002        BEQ              true        ;branch to counter+
                                                            +
   35 0000004C E5F45001        LDRB             R5, [R4, #1]! ;shifts by 1 byte
                                                             and stores into r1
                                                            
   36 00000050 E2833001        ADD              R3, R3, #1  ;j++
   37 00000054 EAFFFFF4        B                done        ;loops back to seco
                                                            nd for loop if fals



ARM Macro Assembler    Page 2 


                                                            e
   38 00000058         
   39 00000058         
   40 00000058         true                                 ;loop to have count
                                                            er++
   41 00000058 E5F45001        LDRB             R5, [R4, #1]! ;shifts by 1 byte
                                                             and stores into r1
                                                            
   42 0000005C E2822001        ADD              R2, R2, #1  ;counter++
   43 00000060 E2833001        ADD              R3, R3, #1  ;j++
   44 00000064 EAFFFFF0        B                done        ;loop back to secon
                                                            d for loop
   45 00000068         
   46 00000068 EAFFFFFE 
                       stop    B                stop        ;ends algortithm
   47 0000006C         
   48 0000006C 91 91 91 
              91 91 91 
              91 91 91 
              91 D0 D0 
              D0 D0 91 
              91 91 D0 
              D0 D0 D0 
              D0 D0 91 
              91 B1 D0 
              00 D0 00 
              D0       LINE1   DCB              145,145,145,145,145,145,145,145
,145,145,208,208,208,208,145,145,145,208,208,208,208,208,208,145,145,177,208,0,
208,0,208
   49 0000008B 91 B1 D0 
              D0 2B D0 
              2B D0 91 
              49 B1 B1 
              D0 D0 49 
              91 87 49 
              52 52 87 
              49 52 87 
              B1 B1 B1 
              92 D0 D0 
              D0 92 B1         DCB              145,177,208,208,43,208,43,208,1
45,73,177,177,208,208,73,145,135,73,82,82,135,73,82,135,177,177,177,146,208,208
,208,146,177
   50 000000AC         
   51 000000AC                 END
              00000000 
Command Line: --debug --xref --apcs=interwork --depend=.\project.d -o.\project.
o -IC:\Keil\ARM\RV31\INC -IC:\Keil\ARM\CMSIS\Include -IC:\Keil\ARM\Inc\Philips 
--predefine="__EVAL SETA 1" --list=.\project.lst project.s



ARM Macro Assembler    Page 1 Alphabetic symbol ordering
Relocatable symbols

LINE1 0000006C

Symbol: LINE1
   Definitions
      At line 48 in file project.s
   Uses
      At line 12 in file project.s
Comment: LINE1 used once
done 0000002C

Symbol: done
   Definitions
      At line 23 in file project.s
   Uses
      At line 18 in file project.s
      At line 37 in file project.s
      At line 44 in file project.s

loop 00000008

Symbol: loop
   Definitions
      At line 11 in file project.s
   Uses
      At line 27 in file project.s
Comment: loop used once
project 00000000

Symbol: project
   Definitions
      At line 1 in file project.s
   Uses
      None
Comment: project unused
statement 00000040

Symbol: statement
   Definitions
      At line 31 in file project.s
   Uses
      At line 28 in file project.s
Comment: statement used once
stop 00000068

Symbol: stop
   Definitions
      At line 46 in file project.s
   Uses
      At line 20 in file project.s
      At line 46 in file project.s

true 00000058

Symbol: true
   Definitions
      At line 40 in file project.s
   Uses
      At line 34 in file project.s
Comment: true used once



ARM Macro Assembler    Page 2 Alphabetic symbol ordering
Relocatable symbols

7 symbols



ARM Macro Assembler    Page 1 Alphabetic symbol ordering
Absolute symbols

N 00000040

Symbol: N
   Definitions
      At line 5 in file project.s
   Uses
      At line 14 in file project.s
Comment: N used once
value 000000FF

Symbol: value
   Definitions
      At line 4 in file project.s
   Uses
      At line 8 in file project.s
Comment: value used once
2 symbols
342 symbols in table
