


ARM Macro Assembler    Page 1 


    1 00000000                 GLOBAL           user_code
    2 00000000                 AREA             lab9_1, CODE, READONLY
    3 00000000                 ENTRY
    4 00000000         user_code
    5 00000000 0000000A 
                       N       EQU              10
    6 00000000 E59F0068        LDR              R0, =data
    7 00000004 E3A0100A        MOV              R1, #N
    8 00000008 E3A08004        MOV              R8, #4
    9 0000000C         
   10 0000000C E3A02000        MOV              R2,#0
   11 00000010 E3A03001        MOV              R3,#1
   12 00000014 E0413003        SUB              R3,R1,R3
   13 00000018 E0040893 
                       loop    MUL              R4,R3,R8
   14 0000001C E2415001        SUB              R5,R1,#1
   15 00000020 E0455003        SUB              R5,R5,R3
   16 00000024 E7906004        LDR              R6,[R0,R4]
   17 00000028 E0050596        MUL              R5,R6,R5
   18 0000002C E0070396        MUL              R7,R6,R3
   19 00000030 E0475005        SUB              R5,R7,R5
   20 00000034 E0822005        ADD              R2,R2,R5
   21 00000038 E2433001        SUB              R3,R3,#1
   22 0000003C E3530000        CMP              R3,#0
   23 00000040 AAFFFFF4        BGE              loop
   24 00000044         
   25 00000044 E12FFF1E        BX               LR
   26 00000048 FFFFFF9C 
              FFFFFFD5 
              00000005 
              00000014 
              00000005 
              FFFFFFF1 
              FFFFFFC4 
              FFFFFF6C 
              FFFFFEF4 
              FFFFFEAC data    DCD              -100, -43, 5, 20, 5, -15, -60, 
-148, -268, -340
   27 00000070         
   28 00000070                 END
              00000000 
Command Line: --debug --xref --apcs=interwork --depend=.\lab9_1.d -o.\lab9_1.o 
-IC:\Keil\ARM\RV31\INC -IC:\Keil\ARM\CMSIS\Include -IC:\Keil\ARM\Inc\Philips --
predefine="__EVAL SETA 1" --list=.\lab9_1.lst lab9_1.s



ARM Macro Assembler    Page 1 Alphabetic symbol ordering
Relocatable symbols

data 00000048

Symbol: data
   Definitions
      At line 26 in file lab9_1.s
   Uses
      At line 6 in file lab9_1.s
Comment: data used once
lab9_1 00000000

Symbol: lab9_1
   Definitions
      At line 2 in file lab9_1.s
   Uses
      None
Comment: lab9_1 unused
loop 00000018

Symbol: loop
   Definitions
      At line 13 in file lab9_1.s
   Uses
      At line 23 in file lab9_1.s
Comment: loop used once
user_code 00000000

Symbol: user_code
   Definitions
      At line 4 in file lab9_1.s
   Uses
      At line 1 in file lab9_1.s
Comment: user_code used once
4 symbols



ARM Macro Assembler    Page 1 Alphabetic symbol ordering
Absolute symbols

N 0000000A

Symbol: N
   Definitions
      At line 5 in file lab9_1.s
   Uses
      At line 7 in file lab9_1.s
Comment: N used once
1 symbol
338 symbols in table
