


ARM Macro Assembler    Page 1 


    1 00000000                 GLOBAL           user_code
    2 00000000                 IMPORT           LED_Setup
    3 00000000                 IMPORT           LED_ON
    4 00000000         
    5 00000000         ;driver 
    6 00000000                 AREA             lab8, CODE, READONLY
    7 00000000         user_code
    8 00000000 EBFFFFFE        bl               LED_Setup
    9 00000004 EBFFFFFE        bl               LED_ON
   10 00000008 EAFFFFFE 
                       stop    b                stop
   11 0000000C                 END
Command Line: --debug --xref --apcs=interwork --depend=.\lab8.d -o.\lab8.o -IC:
\Keil\ARM\RV31\INC -IC:\Keil\ARM\CMSIS\Include -IC:\Keil\ARM\Inc\Philips --pred
efine="__EVAL SETA 1" --list=.\lab8.lst lab8.s



ARM Macro Assembler    Page 1 Alphabetic symbol ordering
Relocatable symbols

lab8 00000000

Symbol: lab8
   Definitions
      At line 6 in file lab8.s
   Uses
      None
Comment: lab8 unused
stop 00000008

Symbol: stop
   Definitions
      At line 10 in file lab8.s
   Uses
      At line 10 in file lab8.s
Comment: stop used once
user_code 00000000

Symbol: user_code
   Definitions
      At line 7 in file lab8.s
   Uses
      At line 1 in file lab8.s
Comment: user_code used once
3 symbols



ARM Macro Assembler    Page 1 Alphabetic symbol ordering
External symbols

LED_ON 00000000

Symbol: LED_ON
   Definitions
      At line 3 in file lab8.s
   Uses
      At line 9 in file lab8.s
Comment: LED_ON used once
LED_Setup 00000000

Symbol: LED_Setup
   Definitions
      At line 2 in file lab8.s
   Uses
      At line 8 in file lab8.s
Comment: LED_Setup used once
2 symbols
336 symbols in table
