


ARM Macro Assembler    Page 1 


    1 00000000                 GLOBAL           LED_ON
    2 00000000                 IMPORT           delay
    3 00000000                 AREA             lab8_2, CODE, READONLY
    4 00000000         LED_ON
    5 00000000         
    6 00000000         
    7 00000000 E0028000 
                       IO0PIN  equ              0xE0028000
    8 00000000 E0028004 
                       IO0SET  equ              0xE0028004
    9 00000000 E002800C 
                       IO0CLR  equ              0xE002800C
   10 00000000         
   11 00000000         
   12 00000000 E59F0048        ldr              r0,=IO0PIN  ;load address of IO
                                                            0PIN
   13 00000004 E59F1048        ldr              r1,=0xFFFFFF7F ;P0.8 set to 0
   14 00000008 E3A06901        ldr              r6,=0x4000  ;P0.15 set to 1
   15 0000000C E3A07801        ldr              r7,=0x10000
   16 00000010         
   17 00000010 E1A01081 
                       loop    lsl              r1, #1      ;shifts zero to lef
                                                            t
   18 00000014 E2811001        add              r1, r1 ,#1  ;keeps the first bi
                                                            t of r1 1
   19 00000018 E1A06086        lsl              r6, #1      ;shift 1 to left
   20 0000001C E1560007        cmp              r6, r7      ;if r6 has bit 16 s
                                                            et to 1, then set t
                                                            o bit 8 to 1 and al
                                                            l others 0. 
   21 00000020 03A06C01        ldreq            r6,=0x0100  ;loads with address
                                                             if equal     
   22 00000024 E5902000        ldr              r2, [r0]    ;loads current outp
                                                            ut
   23 00000028 E0022001        and              r2, r2, r1  ;sets the current p
                                                            in to 0 (on)
   24 0000002C E1822006        orr              r2, r2, r6  ;sets the previous 
                                                            pin to 1 (off)
   25 00000030 E5802000        str              r2, [r0]    ;stores value in R2
                                                            
   26 00000034 E2855001        add              r5, r5, #1  ;adds 1 to counter
   27 00000038 E3550008        cmp              r5, #8      ;if iterated 8 time
                                                            s
   28 0000003C 059F1010        ldreq            r1,=0xFFFFFF7F ;reset P0.8
   29 00000040 03A06901        ldreq            r6,=0x4000  ;reset P0.15
   30 00000044 03A05000        moveq            r5, #0      ;counter resets
   31 00000048         
   32 00000048 EBFFFFFE        bl               delay       ;provides a delay b
                                                            efore going to the 
                                                            next LED
   33 0000004C         
   34 0000004C EAFFFFEF        b                loop
   35 00000050                 END
              E0028000 
              FFFFFF7F 
Command Line: --debug --xref --apcs=interwork --depend=.\lab8_2.d -o.\lab8_2.o 
-IC:\Keil\ARM\RV31\INC -IC:\Keil\ARM\CMSIS\Include -IC:\Keil\ARM\Inc\Philips --
predefine="__EVAL SETA 1" --list=.\lab8_2.lst lab8_2.s



ARM Macro Assembler    Page 1 Alphabetic symbol ordering
Relocatable symbols

LED_ON 00000000

Symbol: LED_ON
   Definitions
      At line 4 in file lab8_2.s
   Uses
      At line 1 in file lab8_2.s
Comment: LED_ON used once
lab8_2 00000000

Symbol: lab8_2
   Definitions
      At line 3 in file lab8_2.s
   Uses
      None
Comment: lab8_2 unused
loop 00000010

Symbol: loop
   Definitions
      At line 17 in file lab8_2.s
   Uses
      At line 34 in file lab8_2.s
Comment: loop used once
3 symbols



ARM Macro Assembler    Page 1 Alphabetic symbol ordering
Absolute symbols

IO0CLR E002800C

Symbol: IO0CLR
   Definitions
      At line 9 in file lab8_2.s
   Uses
      None
Comment: IO0CLR unused
IO0PIN E0028000

Symbol: IO0PIN
   Definitions
      At line 7 in file lab8_2.s
   Uses
      At line 12 in file lab8_2.s
Comment: IO0PIN used once
IO0SET E0028004

Symbol: IO0SET
   Definitions
      At line 8 in file lab8_2.s
   Uses
      None
Comment: IO0SET unused
3 symbols



ARM Macro Assembler    Page 1 Alphabetic symbol ordering
External symbols

delay 00000000

Symbol: delay
   Definitions
      At line 2 in file lab8_2.s
   Uses
      At line 32 in file lab8_2.s
Comment: delay used once
1 symbol
340 symbols in table
