


ARM Macro Assembler    Page 1 


    1 00000000                 GLOBAL           delay
    2 00000000                 IMPORT           LED_Setup
    3 00000000                 AREA             lab8_4, CODE, READONLY
    4 00000000         delay
    5 00000000         
    6 00000000 002EFFFF 
                       time    equ              0x2EFFFF
    7 00000000         
    8 00000000 E59F3010        ldr              r3,=time
    9 00000004 E3A04001        mov              r4, #1
   10 00000008         
   11 00000008 E2844001 
                       loop    add              r4, r4, #1
   12 0000000C E1540003        cmp              r4, r3
   13 00000010 1AFFFFFC        bne              loop
   14 00000014         
   15 00000014 E12FFF1E        bx               lr
   16 00000018                 END
              002EFFFF 
Command Line: --debug --xref --apcs=interwork --depend=.\lab8_4.d -o.\lab8_4.o 
-IC:\Keil\ARM\RV31\INC -IC:\Keil\ARM\CMSIS\Include -IC:\Keil\ARM\Inc\Philips --
predefine="__EVAL SETA 1" --list=.\lab8_4.lst lab8_4.s



ARM Macro Assembler    Page 1 Alphabetic symbol ordering
Relocatable symbols

delay 00000000

Symbol: delay
   Definitions
      At line 4 in file lab8_4.s
   Uses
      At line 1 in file lab8_4.s
Comment: delay used once
lab8_4 00000000

Symbol: lab8_4
   Definitions
      At line 3 in file lab8_4.s
   Uses
      None
Comment: lab8_4 unused
loop 00000008

Symbol: loop
   Definitions
      At line 11 in file lab8_4.s
   Uses
      At line 13 in file lab8_4.s
Comment: loop used once
3 symbols



ARM Macro Assembler    Page 1 Alphabetic symbol ordering
Absolute symbols

time 002EFFFF

Symbol: time
   Definitions
      At line 6 in file lab8_4.s
   Uses
      At line 8 in file lab8_4.s
Comment: time used once
1 symbol



ARM Macro Assembler    Page 1 Alphabetic symbol ordering
External symbols

LED_Setup 00000000

Symbol: LED_Setup
   Definitions
      At line 2 in file lab8_4.s
   Uses
      None
Comment: LED_Setup unused
1 symbol
338 symbols in table
