


ARM Macro Assembler    Page 1 


    1 00000000                 GLOBAL           Reset_Handler
    2 00000000                 AREA             lab4, CODE, Readonly
    3 00000000         Reset_Handler
    4 00000000         
    5 00000000 E002C000 
                       PINSEL0 EQU              0xE002C000  ;pin function selec
                                                            tion for port 0
    6 00000000 E3A00000        MOV              r0,#0
    7 00000004 E59F1034        LDR              R1, =PINSEL0
    8 00000008 E5810000        STR              R0,[r1]
    9 0000000C E0028008 
                       IO0DIR  EQU              0xE0028008
   10 0000000C E3A05CFF        MOV              R5, #0xFF00
   11 00000010 E59F102C        LDR              R1, =0xE0028008
   12 00000014 E5815008        STR              R5, [R1, #0x8] 
                                                            ; Set to output pin
                                                            
   13 00000018 E0028000 
                       IO0PIN  EQU              0xE0028000
   14 00000018 E3A00000        MOV              r0, #0x00000000 
                                                            ;sets all LEDs on 
   15 0000001C E59F1024        LDR              r1, =IO0PIN
   16 00000020 E5810000        STR              r0, [r1]
   17 00000024 E3A00CFF        MOV              r0, #0xFF00 ;sets all LEDS off 
                                                              
   18 00000028 E59F1018        LDR              r1, =IO0PIN
   19 0000002C E5810000        STR              r0, [r1]
   20 00000030 E3A00CAA        MOV              r0, #0xAA00 ;sets every other L
                                                            ED on (LED 5 on, LE
                                                            D 6 off, etc)
   21 00000034 E59F100C        LDR              r1, =IO0PIN
   22 00000038 E5810000        STR              r0, [r1]
   23 0000003C EAFFFFFE 
                       stop    B                stop
   24 00000040                 END
              E002C000 
              E0028008 
              E0028000 
Command Line: --debug --xref --apcs=interwork --depend=.\lab4.d -o.\lab4.o -IC:
\Keil\ARM\RV31\INC -IC:\Keil\ARM\CMSIS\Include -IC:\Keil\ARM\Inc\Philips --pred
efine="__EVAL SETA 1" --list=.\lab4.lst lab4.s



ARM Macro Assembler    Page 1 Alphabetic symbol ordering
Relocatable symbols

Reset_Handler 00000000

Symbol: Reset_Handler
   Definitions
      At line 3 in file lab4.s
   Uses
      At line 1 in file lab4.s
Comment: Reset_Handler used once
lab4 00000000

Symbol: lab4
   Definitions
      At line 2 in file lab4.s
   Uses
      None
Comment: lab4 unused
stop 0000003C

Symbol: stop
   Definitions
      At line 23 in file lab4.s
   Uses
      At line 23 in file lab4.s
Comment: stop used once
3 symbols



ARM Macro Assembler    Page 1 Alphabetic symbol ordering
Absolute symbols

IO0DIR E0028008

Symbol: IO0DIR
   Definitions
      At line 9 in file lab4.s
   Uses
      None
Comment: IO0DIR unused
IO0PIN E0028000

Symbol: IO0PIN
   Definitions
      At line 13 in file lab4.s
   Uses
      At line 15 in file lab4.s
      At line 18 in file lab4.s
      At line 21 in file lab4.s

PINSEL0 E002C000

Symbol: PINSEL0
   Definitions
      At line 5 in file lab4.s
   Uses
      At line 7 in file lab4.s
Comment: PINSEL0 used once
3 symbols
339 symbols in table
