


ARM Macro Assembler    Page 1 


    1 00000000                 GLOBAL           Reset_Handler
    2 00000000                 AREA             lab5, CODE, READONLY
    3 00000000         
    4 00000000         Reset_Handler
    5 00000000         
    6 00000000 E002C000 
                       PINSEL0 EQU              0xE002C000
    7 00000000 E0028000 
                       IO0BASE EQU              0xE0028000
    8 00000000         
    9 00000000 00000000 
                       IO0PIN  EQU              0x0
   10 00000000 00000004 
                       IO0SET  EQU              0x4
   11 00000000 00000008 
                       IO0DIR  EQU              0x8
   12 00000000 0000000C 
                       IO0CLR  EQU              0xC
   13 00000000         
   14 00000000 0000FF00 
                       MASK    EQU              0xFF00
   15 00000000         
   16 00000000 E3A00000        MOV              R0, #0
   17 00000004 E59F1034        LDR              R1, =PINSEL0 ;sets address of P
                                                            in Select 0 to R1
   18 00000008 E5810000        STR              R0, [R1]    ;stores R0 into R1
   19 0000000C         
   20 0000000C E3A05CFF        MOV              R5, #MASK   ;places value of MA
                                                            SK to R5
   21 00000010 E59F102C        LDR              R1, =IO0BASE ;loads address to 
                                                            R1
   22 00000014 E5815008        STR              R5, [R1, #IO0DIR] 
                                                            ; Set to output pin
                                                            
   23 00000018         
   24 00000018         Loop
   25 00000018 E581500C        STR              R5, [R1, #IO0CLR] ;turn on LED
   26 0000001C         
   27 0000001C E59F4024        LDR              R4, =0x2EFFFF ;used to set dela
                                                            y on time
   28 00000020 E2544001 
                       DelayOn SUBS             R4, R4, #1  ;subtracts 1 from v
                                                            alue in R4
   29 00000024 CAFFFFFD        BGT              DelayOn     ;branches to DelayO
                                                            n if greater than
   30 00000028         
   31 00000028 E5815004        STR              R5, [R1, #IO0SET] 
                                                            ; Turn off LED
   32 0000002C         
   33 0000002C E59F4014        LDR              R4, =0x2EFFFF ;used to set dela
                                                            y off time
   34 00000030 E2544001 
                       DelayOff
                               SUBS             R4, R4, #1  ;subtracts 1 from v
                                                            alue in R4
   35 00000034 CAFFFFFD        BGT              DelayOff    ;branches to DelayO
                                                            ff if greater than
   36 00000038         
   37 00000038 EAFFFFF6        B                Loop        ;branches to loop



ARM Macro Assembler    Page 2 


   38 0000003C         
   39 0000003C EAFFFFFE 
                       stop    B                stop
   40 00000040                 END
              E002C000 
              E0028000 
              002EFFFF 
Command Line: --debug --xref --apcs=interwork --depend=.\lab5.d -o.\lab5.o -IC:
\Keil\ARM\RV31\INC -IC:\Keil\ARM\CMSIS\Include -IC:\Keil\ARM\Inc\Philips --pred
efine="__EVAL SETA 1" --list=.\lab5.lst lab5.s



ARM Macro Assembler    Page 1 Alphabetic symbol ordering
Relocatable symbols

DelayOff 00000030

Symbol: DelayOff
   Definitions
      At line 34 in file lab5.s
   Uses
      At line 35 in file lab5.s
Comment: DelayOff used once
DelayOn 00000020

Symbol: DelayOn
   Definitions
      At line 28 in file lab5.s
   Uses
      At line 29 in file lab5.s
Comment: DelayOn used once
Loop 00000018

Symbol: Loop
   Definitions
      At line 24 in file lab5.s
   Uses
      At line 37 in file lab5.s
Comment: Loop used once
Reset_Handler 00000000

Symbol: Reset_Handler
   Definitions
      At line 4 in file lab5.s
   Uses
      At line 1 in file lab5.s
Comment: Reset_Handler used once
lab5 00000000

Symbol: lab5
   Definitions
      At line 2 in file lab5.s
   Uses
      None
Comment: lab5 unused
stop 0000003C

Symbol: stop
   Definitions
      At line 39 in file lab5.s
   Uses
      At line 39 in file lab5.s
Comment: stop used once
6 symbols



ARM Macro Assembler    Page 1 Alphabetic symbol ordering
Absolute symbols

IO0BASE E0028000

Symbol: IO0BASE
   Definitions
      At line 7 in file lab5.s
   Uses
      At line 21 in file lab5.s
Comment: IO0BASE used once
IO0CLR 0000000C

Symbol: IO0CLR
   Definitions
      At line 12 in file lab5.s
   Uses
      At line 25 in file lab5.s
Comment: IO0CLR used once
IO0DIR 00000008

Symbol: IO0DIR
   Definitions
      At line 11 in file lab5.s
   Uses
      At line 22 in file lab5.s
Comment: IO0DIR used once
IO0PIN 00000000

Symbol: IO0PIN
   Definitions
      At line 9 in file lab5.s
   Uses
      None
Comment: IO0PIN unused
IO0SET 00000004

Symbol: IO0SET
   Definitions
      At line 10 in file lab5.s
   Uses
      At line 31 in file lab5.s
Comment: IO0SET used once
MASK 0000FF00

Symbol: MASK
   Definitions
      At line 14 in file lab5.s
   Uses
      At line 20 in file lab5.s
Comment: MASK used once
PINSEL0 E002C000

Symbol: PINSEL0
   Definitions
      At line 6 in file lab5.s
   Uses
      At line 17 in file lab5.s
Comment: PINSEL0 used once
7 symbols
346 symbols in table
