


ARM Macro Assembler    Page 1 


    1 00000000                 AREA             lab2_1, CODE, READONLY
    2 00000000                 ENTRY
    3 00000000         
    4 00000000         
    5 00000000 E59F1010        LDR              R1, array   ; R1 = array addres
                                                            s
    6 00000004 E59F2038        LDR              R2, =0x4000004C ;        ; R2 =
                                                             array index positi
                                                            on to store R0 into
                                                            
    7 00000008 E7810002        STR              R0, [R1, R2] ; store R0 into ar
                                                            ray R1 
    8 0000000C E281400A        ADD              R4, R1, 10  ;add 10 to array th
                                                            en store in R1
    9 00000010         
   10 00000010 E59F3030        LDR              R3, =0x400000AC ;   ;load value
                                                             into R3
   11 00000014 E5843000        STR              R3, [R4]    ;store r4 into r3
   12 00000018         
   13 00000018                 ALIGN
   14 00000018 0000000C 
              FFFFF002 
              FFFFFC18 
              000007DC 
              00000008 
              00000000 
              00000096 
              00030D44 
              FFFFFB23 
              000008AE array   DCD              12,-4094,-1000,2012,8,0,150,200
004,-1245,2222
   15 00000040         
   16 00000040 EAFFFFFE 
                       stop    B                stop
   17 00000044                 END
              4000004C 
              400000AC 
Command Line: --debug --xref --apcs=interwork --depend=".\lab 2_1.d" -o".\lab 2
_1.o" -IC:\Keil\ARM\RV31\INC -IC:\Keil\ARM\CMSIS\Include -IC:\Keil\ARM\Inc\Phil
ips --predefine="__EVAL SETA 1" --list=.\lab 2_1.lst "lab 2_1.s"



ARM Macro Assembler    Page 1 Alphabetic symbol ordering
Relocatable symbols

array 00000018

Symbol: array
   Definitions
      At line 14 in file lab
   Uses
      At line 5 in file lab
Comment: array used once
lab2_1 00000000

Symbol: lab2_1
   Definitions
      At line 1 in file lab
   Uses
      None
Comment: lab2_1 unused
stop 00000040

Symbol: stop
   Definitions
      At line 16 in file lab
   Uses
      At line 16 in file lab
Comment: stop used once
3 symbols
336 symbols in table
