


ARM Macro Assembler    Page 1 


    1 00000000                 AREA             lab2, CODE, READONLY
    2 00000000                 ENTRY
    3 00000000         
    4 00000000 E3A0000C        MOV              R0, #12     ;load 12 into r0   
                                                             
    5 00000004 E3A03000        MOV              R3, #0      ;load first (prev) 
                                                            number into r3   
    6 00000008 E3A04001        MOV              R4, #1      ;load second (next)
                                                             number into r4  
    7 0000000C E0932004        ADDS             R2,R3,R4    ;adds r3 and r4 and
                                                             places sum into r2
                                                             (Sum)
    8 00000010 E2500001        SUBS             R0, R0,1    ;counter that subtr
                                                            acts from r0 since 
                                                            1 iteration was don
                                                            e
    9 00000014         loop
   10 00000014 E1A03004        MOV              R3,R4       ;updates r3 with th
                                                            e (next) in order t
                                                            o add previous to n
                                                            ext 
   11 00000018 E1A04002        MOV              R4,R2       ;updates r4 with th
                                                            e (sum) in order to
                                                             have as the next n
                                                            umber (x + previous
                                                            )
   12 0000001C E2500001        SUBS             R0, R0,1    ;counter that subtr
                                                            acts from the 12 in
                                                             r0 in order to upd
                                                            ate flag when  r0 i
                                                            s 0
   13 00000020 0A000001        BEQ              finish      ;condition that bra
                                                            nches when r0 is eq
                                                            ual to 0 
   14 00000024 E0932002        ADDS             R2, R3,R2   ;adds (sum) with (p
                                                            rev) and stores in 
                                                            r2
   15 00000028 EAFFFFF9        BAL              loop        ;condition that sta
                                                            tes if flag is not 
                                                            0 then branch to lo
                                                            op until true
   16 0000002C         
   17 0000002C         finish
   18 0000002C E1A01002        MOV              R1,R2       ;updates r1 with th
                                                            e last value in r2 
                                                               
   19 00000030 EAFFFFFE 
                       stop    B                stop
   20 00000034                 END
Command Line: --debug --xref --apcs=interwork --depend=.\lab2.d -o.\lab2.o -IC:
\Keil\ARM\RV31\INC -IC:\Keil\ARM\CMSIS\Include -IC:\Keil\ARM\Inc\Philips --pred
efine="__EVAL SETA 1" --list=.\lab2.lst lab2.s



ARM Macro Assembler    Page 1 Alphabetic symbol ordering
Relocatable symbols

finish 0000002C

Symbol: finish
   Definitions
      At line 17 in file lab2.s
   Uses
      At line 13 in file lab2.s
Comment: finish used once
lab2 00000000

Symbol: lab2
   Definitions
      At line 1 in file lab2.s
   Uses
      None
Comment: lab2 unused
loop 00000014

Symbol: loop
   Definitions
      At line 9 in file lab2.s
   Uses
      At line 15 in file lab2.s
Comment: loop used once
stop 00000030

Symbol: stop
   Definitions
      At line 19 in file lab2.s
   Uses
      At line 19 in file lab2.s
Comment: stop used once
4 symbols
335 symbols in table
