


ARM Macro Assembler    Page 1 


    1 00000000                 GLOBAL           user_code
    2 00000000         
    3 00000000 40000010 
                       SRAM_BASE
                               EQU              0x40000010
    4 00000000         
    5 00000000                 AREA             lab3, CODE, READONLY
    6 00000000                 ENTRY
    7 00000000         user_code
    8 00000000         
    9 00000000 E3A00101        LDR              r0, = 0x40000000 ;
   10 00000004 E3A01111        LDR              r1, = 0x40000004 ;
   11 00000008 E3A020EF        MOV              r2, #0xEF
   12 0000000C E3A030AB        MOV              r3, #0xAB
   13 00000010 E5802000        STR              r2, [r0]
   14 00000014 E5813000        STR              r3, [r1]
   15 00000018         
   16 00000018 E3A04121        LDR              r4, = 0x40000008 ;
   17 0000001C E3A05131        LDR              r5, = 0x4000000C ;
   18 00000020 E59F602C        LDR              r6, =0x33221100
   19 00000024 E59F702C        LDR              r7, =0xFFEEDDCC
   20 00000028 E5846000        STR              r6, [r4]
   21 0000002C E5857000        STR              r7, [r5]
   22 00000030         
   23 00000030 E3A08141        MOV              r8, #SRAM_BASE
   24 00000034 E59F9010        LDR              r9, table
   25 00000038 E5889000        STR              r9, [r8]
   26 0000003C E3A0A151        MOV              r10, #SRAM_BASE+4
   27 00000040 E59FB008        LDR              r11, table2
   28 00000044 E58AB000        STR              r11, [r10]
   29 00000048         
   30 00000048 EAFFFFFE 
                       stop    B                stop
   31 0000004C         
   32 0000004C 12345678 
                       table   DCD              0x12345678
   33 00000050 FEDCBA98 
                       table2  DCD              0xFEDCBA98
   34 00000054         
   35 00000054         
   36 00000054                 END
              33221100 
              FFEEDDCC 
Command Line: --debug --xref --apcs=interwork --depend=.\lab3.d -o.\lab3.o -IC:
\Keil\ARM\RV31\INC -IC:\Keil\ARM\CMSIS\Include -IC:\Keil\ARM\Inc\Philips --pred
efine="__EVAL SETA 1" --list=.\lab3.lst lab3.s



ARM Macro Assembler    Page 1 Alphabetic symbol ordering
Relocatable symbols

lab3 00000000

Symbol: lab3
   Definitions
      At line 5 in file lab3.s
   Uses
      None
Comment: lab3 unused
stop 00000048

Symbol: stop
   Definitions
      At line 30 in file lab3.s
   Uses
      At line 30 in file lab3.s
Comment: stop used once
table 0000004C

Symbol: table
   Definitions
      At line 32 in file lab3.s
   Uses
      At line 24 in file lab3.s
Comment: table used once
table2 00000050

Symbol: table2
   Definitions
      At line 33 in file lab3.s
   Uses
      At line 27 in file lab3.s
Comment: table2 used once
user_code 00000000

Symbol: user_code
   Definitions
      At line 7 in file lab3.s
   Uses
      At line 1 in file lab3.s
Comment: user_code used once
5 symbols



ARM Macro Assembler    Page 1 Alphabetic symbol ordering
Absolute symbols

SRAM_BASE 40000010

Symbol: SRAM_BASE
   Definitions
      At line 3 in file lab3.s
   Uses
      At line 23 in file lab3.s
      At line 26 in file lab3.s

1 symbol
339 symbols in table
