


ARM Macro Assembler    Page 1 


    1 00000000                 AREA             lab6, CODE, READONLY
    2 00000000         
    3 00000000         Reset_Handler
    4 00000000 E002C000 
                       PINSEL0 EQU              0xE002C000
    5 00000000 E0028000 
                       IO0PIN  EQU              0xE0028000
    6 00000000 E0028004 
                       IO0SET  EQU              0xE0028004
    7 00000000 E0028008 
                       IO0DIR  EQU              0xE0028008
    8 00000000 E002800C 
                       IO0CLR  EQU              0xE002800C
    9 00000000         
   10 00000000 E59F0038        LDR              R0, =PINSEL0
   11 00000004 E5901000        LDR              R1, [R0]
   12 00000008 E59F2034        LDR              R2, =0xFFFFB0FF
   13 0000000C E0022001        AND              R2, R2, R1
   14 00000010 E5802000        STR              R2, [R0]
   15 00000014         
   16 00000014 E59F002C        LDR              R0, =IO0DIR ;sets directions of
                                                             pins P0.8 to P0.11
                                                             when P0.14 is pres
                                                            sed
   17 00000018 E5901000        LDR              R1, [R0]
   18 0000001C E3A02CFF        LDR              R2, =0xFF00
   19 00000020 E1822001        ORR              R2, R2, R1
   20 00000024 E5802000        STR              R2, [R0]
   21 00000028         
   22 00000028 E59F001C        LDR              R0, =IO0SET ;turns off pins P0.
                                                            8 to P0.11 when P0.
                                                            14 is pressed
   23 0000002C E3A02C4F        LDR              R2, =0x4F00
   24 00000030 E5802000        STR              R2, [R0]
   25 00000034         
   26 00000034 E59F0014        LDR              R0, =IO0CLR ;turns on pins P0.8
                                                             to P0.11 when P0.1
                                                            4 is pressed
   27 00000038 E3A02C0F        LDR              R2, =0x0F00
   28 0000003C E5802000        STR              R2, [R0]
   29 00000040         
   30 00000040                 END
              E002C000 
              FFFFB0FF 
              E0028008 
              E0028004 
              E002800C 
Command Line: --debug --xref --apcs=interwork --depend=.\lab6.d -o.\lab6.o -IC:
\Keil\ARM\RV31\INC -IC:\Keil\ARM\CMSIS\Include -IC:\Keil\ARM\Inc\Philips --pred
efine="__EVAL SETA 1" --list=.\lab6.lst lab6.s



ARM Macro Assembler    Page 1 Alphabetic symbol ordering
Relocatable symbols

Reset_Handler 00000000

Symbol: Reset_Handler
   Definitions
      At line 3 in file lab6.s
   Uses
      None
Comment: Reset_Handler unused
lab6 00000000

Symbol: lab6
   Definitions
      At line 1 in file lab6.s
   Uses
      None
Comment: lab6 unused
2 symbols



ARM Macro Assembler    Page 1 Alphabetic symbol ordering
Absolute symbols

IO0CLR E002800C

Symbol: IO0CLR
   Definitions
      At line 8 in file lab6.s
   Uses
      At line 26 in file lab6.s
Comment: IO0CLR used once
IO0DIR E0028008

Symbol: IO0DIR
   Definitions
      At line 7 in file lab6.s
   Uses
      At line 16 in file lab6.s
Comment: IO0DIR used once
IO0PIN E0028000

Symbol: IO0PIN
   Definitions
      At line 5 in file lab6.s
   Uses
      None
Comment: IO0PIN unused
IO0SET E0028004

Symbol: IO0SET
   Definitions
      At line 6 in file lab6.s
   Uses
      At line 22 in file lab6.s
Comment: IO0SET used once
PINSEL0 E002C000

Symbol: PINSEL0
   Definitions
      At line 4 in file lab6.s
   Uses
      At line 10 in file lab6.s
Comment: PINSEL0 used once
5 symbols
340 symbols in table
